C:\USERS\KRUSHER36\DOCUMENTS\GITHUB\CHIP8-EMULATOR\CHIP8\CHIP8\DEBUG\CHIP8.EXE.INTERMEDIATE.MANIFEST
C:\USERS\KRUSHER36\DOCUMENTS\GITHUB\CHIP8-EMULATOR\CHIP8\CHIP8\DEBUG\CHIP8.OBJ
C:\Users\KRUSHER36\Documents\GitHub\Chip8-Emulator\Chip8\Chip8\Debug\cl.command.1.tlog
C:\Users\KRUSHER36\Documents\GitHub\Chip8-Emulator\Chip8\Chip8\Debug\CL.read.1.tlog
C:\Users\KRUSHER36\Documents\GitHub\Chip8-Emulator\Chip8\Chip8\Debug\CL.write.1.tlog
C:\Users\KRUSHER36\Documents\GitHub\Chip8-Emulator\Chip8\Chip8\Debug\link.command.1.tlog
C:\Users\KRUSHER36\Documents\GitHub\Chip8-Emulator\Chip8\Chip8\Debug\link.read.1.tlog
C:\Users\KRUSHER36\Documents\GitHub\Chip8-Emulator\Chip8\Chip8\Debug\link.write.1.tlog
C:\USERS\KRUSHER36\DOCUMENTS\GITHUB\CHIP8-EMULATOR\CHIP8\CHIP8\DEBUG\MAIN.OBJ
C:\Users\KRUSHER36\Documents\GitHub\Chip8-Emulator\Chip8\Chip8\Debug\mt.command.1.tlog
C:\Users\KRUSHER36\Documents\GitHub\Chip8-Emulator\Chip8\Chip8\Debug\mt.read.1.tlog
C:\Users\KRUSHER36\Documents\GitHub\Chip8-Emulator\Chip8\Chip8\Debug\mt.write.1.tlog
C:\Users\KRUSHER36\Documents\GitHub\Chip8-Emulator\Chip8\Chip8\Debug\vc100.idb
C:\USERS\KRUSHER36\DOCUMENTS\GITHUB\CHIP8-EMULATOR\CHIP8\CHIP8\DEBUG\VC100.PDB
C:\USERS\KRUSHER36\DOCUMENTS\GITHUB\CHIP8-EMULATOR\CHIP8\DEBUG\CHIP8.EXE
C:\USERS\KRUSHER36\DOCUMENTS\GITHUB\CHIP8-EMULATOR\CHIP8\DEBUG\CHIP8.ILK
C:\USERS\KRUSHER36\DOCUMENTS\GITHUB\CHIP8-EMULATOR\CHIP8\DEBUG\CHIP8.PDB
C:\USERS\KRUSHER40\DOCUMENTS\VISUAL STUDIO 2010\PROJECTS\CHIP8\CHIP8\DEBUG\CHIP8.EXE.INTERMEDIATE.MANIFEST
C:\USERS\KRUSHER40\DOCUMENTS\VISUAL STUDIO 2010\PROJECTS\CHIP8\CHIP8\DEBUG\CHIP8.OBJ
C:\USERS\KRUSHER40\DOCUMENTS\VISUAL STUDIO 2010\PROJECTS\CHIP8\CHIP8\DEBUG\MAIN.OBJ
C:\USERS\KRUSHER40\DOCUMENTS\VISUAL STUDIO 2010\PROJECTS\CHIP8\CHIP8\DEBUG\VC100.PDB
C:\USERS\KRUSHER40\DOCUMENTS\VISUAL STUDIO 2010\PROJECTS\CHIP8\DEBUG\CHIP8.EXE
C:\USERS\KRUSHER40\DOCUMENTS\VISUAL STUDIO 2010\PROJECTS\CHIP8\DEBUG\CHIP8.ILK
C:\USERS\KRUSHER40\DOCUMENTS\VISUAL STUDIO 2010\PROJECTS\CHIP8\DEBUG\CHIP8.PDB
