Build started 10/22/2012 9:40:59 PM.
     1>Project "C:\Users\KRUSHER36\Documents\GitHub\Chip8-Emulator\Chip8\Chip8\Chip8.vcxproj" on node 2 (build target(s)).
     1>InitializeBuildStatus:
         Creating "Debug\Chip8.unsuccessfulbuild" because "AlwaysCreate" was specified.
       ClCompile:
         C:\VS2010\VC\bin\CL.exe /c /ZI /nologo /W3 /WX- /Od /Oy- /D _MBCS /Gm /EHsc /RTC1 /MDd /GS /fp:precise /Zc:wchar_t /Zc:forScope /Fo"Debug\\" /Fd"Debug\vc100.pdb" /Gd /TP /analyze- /errorReport:prompt main.cpp
         main.cpp
       Link:
         C:\VS2010\VC\bin\link.exe /ERRORREPORT:PROMPT /OUT:"C:\Users\KRUSHER36\Documents\GitHub\Chip8-Emulator\Chip8\Debug\Chip8.exe" /NOLOGO "sfml-window-d.lib" "sfml-graphics-d.lib" "sfml-system-d.lib" kernel32.lib user32.lib gdi32.lib winspool.lib comdlg32.lib advapi32.lib shell32.lib ole32.lib oleaut32.lib uuid.lib odbc32.lib odbccp32.lib /MANIFEST /ManifestFile:"Debug\Chip8.exe.intermediate.manifest" /MANIFESTUAC:"level='asInvoker' uiAccess='false'" /DEBUG /PDB:"C:\Users\KRUSHER36\Documents\GitHub\Chip8-Emulator\Chip8\Debug\Chip8.pdb" /TLBID:1 /DYNAMICBASE /NXCOMPAT /IMPLIB:"C:\Users\KRUSHER36\Documents\GitHub\Chip8-Emulator\Chip8\Debug\Chip8.lib" /MACHINE:X86 Debug\Chip8.obj
         Debug\main.obj
         LINK : C:\Users\KRUSHER36\Documents\GitHub\Chip8-Emulator\Chip8\Debug\Chip8.exe not found or not built by the last incremental link; performing full link
         Chip8.vcxproj -> C:\Users\KRUSHER36\Documents\GitHub\Chip8-Emulator\Chip8\Debug\Chip8.exe
       Manifest:
         C:\Program Files (x86)\Microsoft SDKs\Windows\v7.0A\bin\mt.exe /nologo /verbose /outputresource:"C:\Users\KRUSHER36\Documents\GitHub\Chip8-Emulator\Chip8\Debug\Chip8.exe;#1" /manifest Debug\Chip8.exe.intermediate.manifest
       FinalizeBuildStatus:
         Deleting file "Debug\Chip8.unsuccessfulbuild".
         Touching "Debug\Chip8.lastbuildstate".
     1>Done Building Project "C:\Users\KRUSHER36\Documents\GitHub\Chip8-Emulator\Chip8\Chip8\Chip8.vcxproj" (build target(s)).

Build succeeded.

Time Elapsed 00:00:00.77
